unique_id,timestamp,y_pred,y_proba,query,model_version,runtime
fe0f73d7-ff5b-4dc8-81d8-b383f9001c02,1595456508.9351969,0.0,None,"['united_states', 21, 'aavail_premium', 24]",0.1,000:00:00
e9284403-73df-4612-b99d-d725d6beaf5f,1595456508.9356601,0.0,None,"['singapore', 44, 'aavail_basic', 17]",0.1,000:00:00
d2cda71e-6fa4-49b8-8654-563377b9cec3,1595456508.936034,0.0,None,"['united_states', 24, 'aavail_unlimited', 6]",0.1,000:00:00
41e5a382-05ed-495b-80ef-c45b773f7ad5,1595456508.936407,0.0,None,"['united_states', 30, 'aavail_basic', 22]",0.1,000:00:00
e4e96790-5ea0-4e05-bc48-766093a1792c,1595456508.936772,0.0,None,"['united_states', 21, 'aavail_premium', 20]",0.1,000:00:00
b54fbe32-9454-4756-89b3-46d0f45161fc,1595456508.9371321,0.0,None,"['united_states', 17, 'aavail_premium', 20]",0.1,000:00:00
43056fec-4bce-4433-af88-242965b522df,1595456508.9374971,0.0,None,"['united_states', 27, 'aavail_unlimited', 23]",0.1,000:00:00
dc44c90b-325d-4ef3-9734-40819f004d21,1595456508.9378612,1.0,None,"['singapore', 39, 'aavail_premium', 25]",0.1,000:00:00
701f85d7-1ee1-482c-9ba9-78990186943c,1595456508.9382231,0.0,None,"['united_states', 31, 'aavail_basic', 16]",0.1,000:00:00
f6074bd1-5d32-49d5-8da4-1764a8517a34,1595456508.938594,0.0,None,"['united_states', 29, 'aavail_premium', 20]",0.1,000:00:00
0068f143-7512-45d0-9c78-1ced5fba12f4,1595456508.938952,0.0,None,"['united_states', 24, 'aavail_basic', 26]",0.1,000:00:00
9313d56f-ca15-4c34-b7d4-9f0900ad54c1,1595456508.939318,0.0,None,"['united_states', 18, 'aavail_premium', 19]",0.1,000:00:00
e092d150-b6ae-4bf6-b234-546bf3a74fa9,1595456508.939732,0.0,None,"['united_states', 20, 'aavail_basic', 20]",0.1,000:00:00
318857cb-b7f5-40e5-90c6-4ce151412b9f,1595456508.940085,0.0,None,"['united_states', 21, 'aavail_premium', 21]",0.1,000:00:00
66848fc0-f1a2-43d9-ad60-f4b8fcf7b8b3,1595456508.9404328,0.0,None,"['united_states', 20, 'aavail_unlimited', 25]",0.1,000:00:00
6d2ea5c1-eeb4-45d1-9ff6-fee557f5682a,1595456508.940825,0.0,None,"['united_states', 26, 'aavail_basic', 16]",0.1,000:00:00
437301f5-c4b8-497d-8964-fed22a0d05cb,1595456508.941171,0.0,None,"['singapore', 22, 'aavail_basic', 9]",0.1,000:00:00
fe680d7d-76a9-426d-89e3-c573a938e972,1595456508.941529,0.0,None,"['united_states', 30, 'aavail_unlimited', 21]",0.1,000:00:00
75532eac-01ab-43fb-aa48-9dee98f1fa1f,1595456508.941865,0.0,None,"['united_states', 20, 'aavail_unlimited', 22]",0.1,000:00:00
4a557357-f0e2-4d4d-b5c7-654ce3b5dd6c,1595456508.9422,0.0,None,"['united_states', 25, 'aavail_unlimited', 21]",0.1,000:00:00
352de362-c801-4eab-8f83-b75729797417,1595456508.942534,1.0,None,"['singapore', 23, 'aavail_unlimited', 22]",0.1,000:00:00
3b95623a-3611-4978-8676-a4cce725ea9e,1595456508.94287,0.0,None,"['united_states', 22, 'aavail_premium', 17]",0.1,000:00:00
fa2ab946-4687-434e-a25e-49fa00dbcabe,1595456508.943203,0.0,None,"['united_states', 27, 'aavail_unlimited', 12]",0.1,000:00:00
d1a70a63-d0b5-4fbe-a46e-470225b7ce33,1595456508.9435542,0.0,None,"['singapore', 23, 'aavail_basic', 21]",0.1,000:00:00
2b9adb57-4c73-4cf1-bd59-33ced1952b98,1595456508.943876,0.0,None,"['united_states', 39, 'aavail_unlimited', 18]",0.1,000:00:00
76516a38-601d-4abf-87c7-659809e3df05,1595456508.9442,0.0,None,"['united_states', 37, 'aavail_basic', 18]",0.1,000:00:00
e83fe5c1-02a4-4d35-88bf-f4afddc24f36,1595456508.944536,0.0,None,"['united_states', 30, 'aavail_unlimited', 8]",0.1,000:00:00
501cf50c-5898-4257-a890-a2b5270f8e84,1595456508.944853,0.0,None,"['united_states', 35, 'aavail_basic', 12]",0.1,000:00:00
a3a8dc74-500c-4cd5-94f1-93bef746116b,1595456508.945166,1.0,None,"['singapore', 39, 'aavail_unlimited', 18]",0.1,000:00:00
0227c360-63f3-45c8-98f7-8c7e9f2c98b9,1595456508.945496,1.0,None,"['singapore', 21, 'aavail_premium', 17]",0.1,000:00:00
b04a8a6e-a68b-489d-bca2-20c56f76988c,1595456508.945801,0.0,None,"['united_states', 21, 'aavail_basic', 17]",0.1,000:00:00
deeca6e6-35ff-4a4b-bece-40be4cdb3464,1595456508.9461079,0.0,None,"['united_states', 27, 'aavail_basic', 16]",0.1,000:00:00
fe40e940-2297-4701-ac61-29f9a1b346a9,1595456508.9464161,0.0,None,"['united_states', 20, 'aavail_basic', 18]",0.1,000:00:00
467fadb7-82a6-44e1-a85a-973d2f3abd3a,1595456508.9467862,0.0,None,"['united_states', 40, 'aavail_unlimited', 21]",0.1,000:00:00
58598876-008f-4758-ae27-59bc0cbdbb8f,1595456508.947087,0.0,None,"['united_states', 23, 'aavail_unlimited', 22]",0.1,000:00:00
59d6a10c-9a86-471c-a7bd-8080c4e589a9,1595456508.947384,1.0,None,"['singapore', 21, 'aavail_unlimited', 16]",0.1,000:00:00
69ecb41f-3e99-4a29-8929-1ef0ffcd08bf,1595456508.947681,0.0,None,"['united_states', 45, 'aavail_unlimited', 4]",0.1,000:00:00
5d16df89-67b5-4d58-9939-3f8d94155e63,1595456508.947979,0.0,None,"['united_states', 44, 'aavail_basic', 14]",0.1,000:00:00
1929756d-06bc-4713-8c4e-69fec13890bc,1595456508.9482749,1.0,None,"['singapore', 22, 'aavail_unlimited', 14]",0.1,000:00:00
913afe48-8918-4e2a-87d0-2cc4bdbaf334,1595456508.948572,0.0,None,"['united_states', 20, 'aavail_premium', 21]",0.1,000:00:00
92d2c905-c463-47d9-9d45-3c4d2fa203ff,1595456508.9488692,0.0,None,"['united_states', 42, 'aavail_unlimited', 21]",0.1,000:00:00
105d71b0-5e5c-4ee5-8d8e-6338b2608041,1595456508.949166,1.0,None,"['singapore', 17, 'aavail_premium', 15]",0.1,000:00:00
619b29b0-8c94-4331-b950-d30082fd1b70,1595456508.949462,0.0,None,"['united_states', 20, 'aavail_premium', 22]",0.1,000:00:00
c41e6d48-f794-4f99-b49d-a501e0c23cc0,1595456508.9498,0.0,None,"['united_states', 27, 'aavail_premium', 22]",0.1,000:00:00
fc529350-f4f8-4ad0-8810-9dcae503dc17,1595456508.9500968,0.0,None,"['united_states', 18, 'aavail_basic', 13]",0.1,000:00:00
2a299453-b4fe-4f00-afb8-44659abdfa71,1595456508.9503949,0.0,None,"['singapore', 19, 'aavail_basic', 13]",0.1,000:00:00
e40db96a-bba0-4d15-8645-15b8a5b5bd46,1595456508.9506948,1.0,None,"['singapore', 18, 'aavail_premium', 20]",0.1,000:00:00
befd53fe-c580-444f-aadd-0a321c65f48f,1595456508.950987,0.0,None,"['united_states', -48, 'aavail_premium', 22]",0.1,000:00:00
7221531c-d304-4479-924a-045971d5aa91,1595456508.951284,1.0,None,"['singapore', 19, 'aavail_unlimited', 5]",0.1,000:00:00
961c7cbd-7be7-462d-8d79-db77fb1e6ee5,1595456508.951581,0.0,None,"['singapore', 26, 'aavail_basic', 20]",0.1,000:00:00
6d2e9bbe-1974-4dbf-8e9b-a1116cbe5ea8,1595456508.9518778,0.0,None,"['united_states', 22, 'aavail_premium', 21]",0.1,000:00:00
d069afd9-19b6-408b-821b-81f63d4c3857,1595456508.9521751,0.0,None,"['united_states', 44, 'aavail_premium', 22]",0.1,000:00:00
8dfb5bab-e066-4f98-a6b7-a1e57d38ca58,1595456508.952478,0.0,None,"['united_states', 40, 'aavail_premium', 21]",0.1,000:00:00
7a528f2b-3156-41d1-829f-1ed010272964,1595456508.952776,0.0,None,"['united_states', 23, 'aavail_basic', 14]",0.1,000:00:00
00816870-d439-4003-82b8-a5fc0beca91b,1595456508.953074,0.0,None,"['united_states', 21, 'aavail_basic', 18]",0.1,000:00:00
31ce7e6c-5d92-475d-bcbc-ac80cd5f6378,1595456508.953381,0.0,None,"['united_states', 24, 'aavail_basic', 18]",0.1,000:00:00
4cf260fd-2a6a-4683-bd27-1bcb5ab83a0a,1595456508.9536798,0.0,None,"['united_states', 33, 'aavail_unlimited', 19]",0.1,000:00:00
f3d91097-dda1-41ff-b436-111f1471f191,1595456508.95398,0.0,None,"['singapore', 23, 'aavail_basic', 16]",0.1,000:00:00
2e7ae114-a9be-4cd4-a22a-ecd0e1c92369,1595456508.954277,0.0,None,"['united_states', 16, 'aavail_premium', 20]",0.1,000:00:00
00fd44d1-827f-4b4f-b4c3-d8e4057c6591,1595456508.9545732,0.0,None,"['united_states', 88, 'aavail_premium', 111]",0.1,000:00:00
5623f843-9d5e-4457-a494-e042a488c2ad,1595456508.954873,0.0,None,"['singapore', 90, 'aavail_unlimited', 100]",0.1,000:00:00
118789a9-eafe-4404-82ca-01599451d8b1,1595456508.955171,0.0,None,"['united_states', 76, 'aavail_premium', 80]",0.1,000:00:00
b552b12a-4097-4a82-be6e-d45e7c8ccfcc,1595456508.955467,0.0,None,"['united_states', 80, 'aavail_basic', 90]",0.1,000:00:00
0363015e-b293-47ef-8cf0-3d2fbf9d261d,1595456508.9557629,0.0,None,"['singapore', 68, 'aavail_premium', 150]",0.1,000:00:00
